<?xml version="1.0" encoding="UTF-8"?>
<testsuite name="Busqueda en mercado libre" tests="1" skipped="0" failures="0" errors="0" timestamp="2022-08-16T12:17:27" hostname="DESKTOP-P3OGUBB" time="44.76">
  <properties/>
  <testcase name="Busqueda en mercado libre" classname="Busqueda en mercado libre" time="44.76"/>
  <system-out><![CDATA[]]></system-out>
  <system-err><![CDATA[Starting ChromeDriver 103.0.5060.53 (a1711811edd74ff1cf2150f36ffa3b0dae40b17f-refs/branch-heads/5060@{#853}) on port 17249
Only local connections are allowed.
Please see https://chromedriver.chromium.org/security-considerations for suggestions on keeping ChromeDriver safe.
ChromeDriver was started successfully.
[1660652249.581][WARNING]: This version of ChromeDriver has not been tested with Chrome version 104.
ago 16, 2022 7:17:29 AM org.openqa.selenium.remote.ProtocolHandshake createSession
INFORMACIÓN: Detected dialect: W3C
[Test worker] INFO net.thucydides.core.steps.ConsoleLoggingListener - 
        __    _____ _____ ____ _____   ____   _    ____  ____  _____ ____  
  _     \ \  |_   _| ____/ ___|_   _| |  _ \ / \  / ___|/ ___|| ____|  _ \ 
 (_)_____| |   | | |  _| \___ \ | |   | |_) / _ \ \___ \\___ \|  _| | | | |
  _|_____| |   | | | |___ ___) || |   |  __/ ___ \ ___) |___) | |___| |_| |
 (_)     | |   |_| |_____|____/ |_|   |_| /_/   \_\____/|____/|_____|____/ 
        /_/                                                                

TEST PASSED: Busqueda en mercado libre
----------------------------------------------------------------------------
]]></system-err>
</testsuite>
